<?xml version="1.0" encoding="UTF-8"?>
<!-- Generated by org.testng.reporters.JUnitReportReporter -->
<testsuite hostname="DESKTOP-8AONTAN" failures="0" tests="3" name="com.amazon.stepdefinition.Aamazon" time="15.115" errors="0" timestamp="28 Feb 2022 07:46:53 GMT" skipped="0">
  <testcase classname="com.amazon.stepdefinition.Aamazon" name="method1" time="14.475"/>
  <testcase classname="com.amazon.stepdefinition.Aamazon" name="method3" time="0.628"/>
  <testcase classname="com.amazon.stepdefinition.Aamazon" name="aftermethod" time="0.012"/>
</testsuite> <!-- com.amazon.stepdefinition.Aamazon -->
